<?xml version="1.0" encoding="UTF-8"?>
<!-- Generated by org.testng.reporters.JUnitReportReporter -->
<testsuite skipped="0" hostname="DESKTOP-B1AQU68" name="org.demoo.MainClass" tests="3" failures="0" timestamp="18 Jan 2021 11:31:38 GMT" time="126.791" errors="0">
  <testcase name="sign3" time="38.700" classname="org.demoo.MainClass"/>
  <testcase name="sign1" time="41.156" classname="org.demoo.MainClass"/>
  <testcase name="sign" time="46.935" classname="org.demoo.MainClass"/>
</testsuite> <!-- org.demoo.MainClass -->
